<?xml version="1.0" encoding="UTF-8"?>
<!-- Generated by org.testng.reporters.JUnitXMLReporter -->
<testsuite ignored="0" hostname="Vedant-Honor" failures="0" tests="2" name="Test-Runner-Firefox" time="21.881" errors="0" timestamp="2023-08-16T00:00:34 BST">
  <testcase classname="vtiger.OrganizationTests.CreateOganizationWithIndustryTest" name="createOrgWithIndustryTest" time="6.765"/>
  <testcase classname="vtiger.OrganizationTests.CreateOganizationWithIndustryTest" name="sampleTest" time="0.001"/>
</testsuite> <!-- Test-Runner-Firefox -->
