<?xml version="1.0" encoding="UTF-8"?>
<!-- Generated by org.testng.reporters.JUnitXMLReporter -->
<testsuite ignored="0" hostname="Vedant-Honor" failures="0" tests="2" name="Test-Runner-Chrome" time="21.059" errors="0" timestamp="2023-08-16T00:00:33 BST">
  <testcase classname="vtiger.OrganizationTests.CreateOganizationWithIndustryTest" name="createOrgWithIndustryTest" time="6.607"/>
  <testcase classname="vtiger.OrganizationTests.CreateOganizationWithIndustryTest" name="sampleTest" time="0.002"/>
</testsuite> <!-- Test-Runner-Chrome -->
