<?xml version="1.0" encoding="UTF-8"?>
<!-- Generated by org.testng.reporters.JUnitXMLReporter -->
<testsuite ignored="0" hostname="Vedant-Honor" failures="0" tests="2" name="Test-Runner-1" time="28.344" errors="0" timestamp="2023-08-16T00:01:31 BST">
  <testcase classname="vtiger.ContactsTests.CreateContactWithOrganizationTest" name="createContactWithOrgTest" time="14.662"/>
  <testcase classname="vtiger.ContactsTests.CreateContactWithOrganizationTest" name="demotest" time="0.002"/>
</testsuite> <!-- Test-Runner-1 -->
