<?xml version="1.0" encoding="UTF-8"?>
<!-- Generated by org.testng.reporters.JUnitReportReporter -->
<testsuite hostname="Vedant-Honor" failures="0" tests="1" name="vtiger.Practice.RetryAnalyzerPractice" time="0.005" errors="0" timestamp="2023-08-01T10:10:09 BST" skipped="0">
  <testcase classname="vtiger.Practice.RetryAnalyzerPractice" name="sample" time="0.005"/>
  <system-out/>
</testsuite> <!-- vtiger.Practice.RetryAnalyzerPractice -->
