<?xml version="1.0" encoding="UTF-8"?>
<!-- Generated by org.testng.reporters.JUnitReportReporter -->
<testsuite hostname="Vedant-Honor" failures="0" tests="1" name="vtiger.ContactsTests.CreateContactWithOrganizationTest" time="15.821" errors="0" timestamp="2023-08-16T00:02:57 BST" skipped="0">
  <testcase classname="vtiger.ContactsTests.CreateContactWithOrganizationTest" name="createContactWithOrgTest" time="15.821"/>
  <system-out>
    <![CDATA[Org Link Clicked
create org look up image clicked
organization  created
Contact link clicked
Create contact look up image clicked
Contact is created]]>
  </system-out>
</testsuite> <!-- vtiger.ContactsTests.CreateContactWithOrganizationTest -->
