<?xml version="1.0" encoding="UTF-8"?>
<!-- Generated by org.testng.reporters.JUnitReportReporter -->
<testsuite hostname="Vedant-Honor" failures="0" tests="3" name="vtiger.Practice.TestNGPractice" time="0.019" errors="0" timestamp="2023-07-18T17:40:08 BST" skipped="0">
  <testcase classname="vtiger.Practice.TestNGPractice" name="createCustomer" time="0.015"/>
  <system-out/>
  <testcase classname="vtiger.Practice.TestNGPractice" name="modifyCustomer" time="0.002"/>
  <system-out/>
  <testcase classname="vtiger.Practice.TestNGPractice" name="deleteCustomer" time="0.002"/>
  <system-out/>
</testsuite> <!-- vtiger.Practice.TestNGPractice -->
