<?xml version="1.0" encoding="UTF-8"?>
<!-- Generated by org.testng.reporters.JUnitReportReporter -->
<testsuite hostname="Vedant-Honor" failures="0" tests="1" name="vtiger.Practice.ReadDataFromCmdLineTest" time="0.014" errors="0" timestamp="2023-08-02T23:00:40 BST" skipped="0">
  <testcase classname="vtiger.Practice.ReadDataFromCmdLineTest" name="read" time="0.014"/>
  <system-out/>
</testsuite> <!-- vtiger.Practice.ReadDataFromCmdLineTest -->
