<?xml version="1.0" encoding="UTF-8"?>
<!-- Generated by org.testng.reporters.JUnitReportReporter -->
<testsuite hostname="Vedant-Honor" failures="0" tests="3" name="vtiger.Practice.DataProviderPractice" time="0.014" errors="0" timestamp="2023-07-19T10:47:35 BST" skipped="0">
  <testcase classname="vtiger.Practice.DataProviderPractice" name="addToCartTest" time="0.010"/>
  <system-out/>
  <testcase classname="vtiger.Practice.DataProviderPractice" name="addToCartTest" time="0.002"/>
  <system-out/>
  <testcase classname="vtiger.Practice.DataProviderPractice" name="addToCartTest" time="0.002"/>
  <system-out/>
</testsuite> <!-- vtiger.Practice.DataProviderPractice -->
