<?xml version="1.0" encoding="UTF-8"?>
<!-- Generated by org.testng.reporters.JUnitReportReporter -->
<testsuite hostname="Vedant-Honor" failures="0" tests="1" name="vtiger.OrganizationTests.CreateOganizationWithIndustryTest" time="3.349" errors="0" timestamp="2023-08-16T00:01:58 BST" skipped="0">
  <testcase classname="vtiger.OrganizationTests.CreateOganizationWithIndustryTest" name="sampleTest" time="3.349"/>
  <system-out/>
</testsuite> <!-- vtiger.OrganizationTests.CreateOganizationWithIndustryTest -->
