<?xml version="1.0" encoding="UTF-8"?>
<!-- Generated by org.testng.reporters.JUnitReportReporter -->
<testsuite hostname="Vedant-Honor" failures="0" tests="1" name="vtiger.OrganizationTests.CreateMultipleOrgWithIndustry" time="0.000" errors="0" timestamp="2023-08-15T23:38:44 BST" skipped="1">
  <testcase classname="vtiger.OrganizationTests.CreateMultipleOrgWithIndustry" name="createMultipleOrg" time="0.000">
    <skipped/>
  </testcase> <!-- createMultipleOrg -->
  <system-out/>
</testsuite> <!-- vtiger.OrganizationTests.CreateMultipleOrgWithIndustry -->
